# JRE version: Java(TM) SE Runtime Environment (8.0_171-b11) (build 1.8.0_171-b11)
# Java VM: Java HotSpot(TM) 64-Bit Server VM (25.171-b11 mixed mode windows-amd64 compressed oops)
Heap:
 PSYoungGen      total 261120K, used 31324K [0x00000000e0000000, 0x00000000f2280000, 0x0000000100000000)
  eden space 226816K, 2% used [0x00000000e0000000,0x00000000e060c828,0x00000000edd80000)
  from space 34304K, 73% used [0x00000000edd80000,0x00000000ef60aa10,0x00000000eff00000)
  to   space 29696K, 0% used [0x00000000eff00000,0x00000000eff00000,0x00000000f1c00000)
 ParOldGen       total 142336K, used 83613K [0x00000000a0000000, 0x00000000a8b00000, 0x00000000e0000000)
  object space 142336K, 58% used [0x00000000a0000000,0x00000000a51a7510,0x00000000a8b00000)
 Metaspace       used 65866K, capacity 69964K, committed 70232K, reserved 1110016K
  class space    used 8783K, capacity 9731K, committed 9856K, reserved 1048576K
GC Heap History (10 events):
Event: 61.032 GC heap before
{Heap before GC invocations=23 (full 3):
 PSYoungGen      total 190976K, used 180288K [0x00000000e0000000, 0x00000000eea00000, 0x0000000100000000)
  eden space 170496K, 100% used [0x00000000e0000000,0x00000000ea680000,0x00000000ea680000)
  from space 20480K, 47% used [0x00000000ea680000,0x00000000eb010000,0x00000000eba80000)
  to   space 19968K, 0% used [0x00000000ed680000,0x00000000ed680000,0x00000000eea00000)
 ParOldGen       total 83968K, used 52738K [0x00000000a0000000, 0x00000000a5200000, 0x00000000e0000000)
  object space 83968K, 62% used [0x00000000a0000000,0x00000000a3380a58,0x00000000a5200000)
 Metaspace       used 55456K, capacity 58800K, committed 59096K, reserved 1099776K
  class space    used 7561K, capacity 8373K, committed 8448K, reserved 1048576K
Event: 61.100 GC heap after
Heap after GC invocations=23 (full 3):
 PSYoungGen      total 217088K, used 19232K [0x00000000e0000000, 0x00000000eee00000, 0x0000000100000000)
  eden space 197120K, 0% used [0x00000000e0000000,0x00000000e0000000,0x00000000ec080000)
  from space 19968K, 96% used [0x00000000ed680000,0x00000000ee948010,0x00000000eea00000)
  to   space 22528K, 0% used [0x00000000ec080000,0x00000000ec080000,0x00000000ed680000)
 ParOldGen       total 83968K, used 52746K [0x00000000a0000000, 0x00000000a5200000, 0x00000000e0000000)
  object space 83968K, 62% used [0x00000000a0000000,0x00000000a3382a58,0x00000000a5200000)
 Metaspace       used 55456K, capacity 58800K, committed 59096K, reserved 1099776K
  class space    used 7561K, capacity 8373K, committed 8448K, reserved 1048576K
}
Event: 68.598 GC heap before
{Heap before GC invocations=24 (full 3):
 PSYoungGen      total 217088K, used 216352K [0x00000000e0000000, 0x00000000eee00000, 0x0000000100000000)
  eden space 197120K, 100% used [0x00000000e0000000,0x00000000ec080000,0x00000000ec080000)
  from space 19968K, 96% used [0x00000000ed680000,0x00000000ee948010,0x00000000eea00000)
  to   space 22528K, 0% used [0x00000000ec080000,0x00000000ec080000,0x00000000ed680000)
 ParOldGen       total 83968K, used 52746K [0x00000000a0000000, 0x00000000a5200000, 0x00000000e0000000)
  object space 83968K, 62% used [0x00000000a0000000,0x00000000a3382a58,0x00000000a5200000)
 Metaspace       used 56919K, capacity 60534K, committed 60632K, reserved 1101824K
  class space    used 7741K, capacity 8622K, committed 8704K, reserved 1048576K
Event: 68.912 GC heap after
Heap after GC invocations=24 (full 3):
 PSYoungGen      total 219648K, used 22528K [0x00000000e0000000, 0x00000000f1c00000, 0x0000000100000000)
  eden space 197120K, 0% used [0x00000000e0000000,0x00000000e0000000,0x00000000ec080000)
  from space 22528K, 100% used [0x00000000ec080000,0x00000000ed680000,0x00000000ed680000)
  to   space 29696K, 0% used [0x00000000eff00000,0x00000000eff00000,0x00000000f1c00000)
 ParOldGen       total 83968K, used 62035K [0x00000000a0000000, 0x00000000a5200000, 0x00000000e0000000)
  object space 83968K, 73% used [0x00000000a0000000,0x00000000a3c94fa0,0x00000000a5200000)
 Metaspace       used 56919K, capacity 60534K, committed 60632K, reserved 1101824K
  class space    used 7741K, capacity 8622K, committed 8704K, reserved 1048576K
}
Event: 98.382 GC heap before
{Heap before GC invocations=25 (full 3):
 PSYoungGen      total 219648K, used 219648K [0x00000000e0000000, 0x00000000f1c00000, 0x0000000100000000)
  eden space 197120K, 100% used [0x00000000e0000000,0x00000000ec080000,0x00000000ec080000)
  from space 22528K, 100% used [0x00000000ec080000,0x00000000ed680000,0x00000000ed680000)
  to   space 29696K, 0% used [0x00000000eff00000,0x00000000eff00000,0x00000000f1c00000)
 ParOldGen       total 83968K, used 62035K [0x00000000a0000000, 0x00000000a5200000, 0x00000000e0000000)
  object space 83968K, 73% used [0x00000000a0000000,0x00000000a3c94fa0,0x00000000a5200000)
 Metaspace       used 59030K, capacity 63054K, committed 63192K, reserved 1103872K
  class space    used 7972K, capacity 8882K, committed 8960K, reserved 1048576K
Event: 98.853 GC heap after
Heap after GC invocations=25 (full 3):
 PSYoungGen      total 256512K, used 28626K [0x00000000e0000000, 0x00000000f2280000, 0x0000000100000000)
  eden space 226816K, 0% used [0x00000000e0000000,0x00000000e0000000,0x00000000edd80000)
  from space 29696K, 96% used [0x00000000eff00000,0x00000000f1af4b10,0x00000000f1c00000)
  to   space 34304K, 0% used [0x00000000edd80000,0x00000000edd80000,0x00000000eff00000)
 ParOldGen       total 83968K, used 75531K [0x00000000a0000000, 0x00000000a5200000, 0x00000000e0000000)
  object space 83968K, 89% used [0x00000000a0000000,0x00000000a49c2e30,0x00000000a5200000)
 Metaspace       used 59030K, capacity 63054K, committed 63192K, reserved 1103872K
  class space    used 7972K, capacity 8882K, committed 8960K, reserved 1048576K
}
Event: 98.853 GC heap before
{Heap before GC invocations=26 (full 4):
 PSYoungGen      total 256512K, used 28626K [0x00000000e0000000, 0x00000000f2280000, 0x0000000100000000)
  eden space 226816K, 0% used [0x00000000e0000000,0x00000000e0000000,0x00000000edd80000)
  from space 29696K, 96% used [0x00000000eff00000,0x00000000f1af4b10,0x00000000f1c00000)
  to   space 34304K, 0% used [0x00000000edd80000,0x00000000edd80000,0x00000000eff00000)
 ParOldGen       total 83968K, used 75531K [0x00000000a0000000, 0x00000000a5200000, 0x00000000e0000000)
  object space 83968K, 89% used [0x00000000a0000000,0x00000000a49c2e30,0x00000000a5200000)
 Metaspace       used 59030K, capacity 63054K, committed 63192K, reserved 1103872K
  class space    used 7972K, capacity 8882K, committed 8960K, reserved 1048576K
Event: 101.323 GC heap after
Heap after GC invocations=26 (full 4):
 PSYoungGen      total 256512K, used 17150K [0x00000000e0000000, 0x00000000f2280000, 0x0000000100000000)
  eden space 226816K, 0% used [0x00000000e0000000,0x00000000e0000000,0x00000000edd80000)
  from space 29696K, 57% used [0x00000000eff00000,0x00000000f0fbf900,0x00000000f1c00000)
  to   space 34304K, 0% used [0x00000000edd80000,0x00000000edd80000,0x00000000eff00000)
 ParOldGen       total 142336K, used 83605K [0x00000000a0000000, 0x00000000a8b00000, 0x00000000e0000000)
  object space 142336K, 58% used [0x00000000a0000000,0x00000000a51a5510,0x00000000a8b00000)
 Metaspace       used 59030K, capacity 63054K, committed 63192K, reserved 1103872K
  class space    used 7972K, capacity 8882K, committed 8960K, reserved 1048576K
}
Event: 134.388 GC heap before
{Heap before GC invocations=27 (full 4):
 PSYoungGen      total 256512K, used 243966K [0x00000000e0000000, 0x00000000f2280000, 0x0000000100000000)
  eden space 226816K, 100% used [0x00000000e0000000,0x00000000edd80000,0x00000000edd80000)
  from space 29696K, 57% used [0x00000000eff00000,0x00000000f0fbf900,0x00000000f1c00000)
  to   space 34304K, 0% used [0x00000000edd80000,0x00000000edd80000,0x00000000eff00000)
 ParOldGen       total 142336K, used 83605K [0x00000000a0000000, 0x00000000a8b00000, 0x00000000e0000000)
  object space 142336K, 58% used [0x00000000a0000000,0x00000000a51a5510,0x00000000a8b00000)
 Metaspace       used 65865K, capacity 69964K, committed 70232K, reserved 1110016K
  class space    used 8783K, capacity 9731K, committed 9856K, reserved 1048576K
Event: 135.299 GC heap after
Heap after GC invocations=27 (full 4):
 PSYoungGen      total 261120K, used 25130K [0x00000000e0000000, 0x00000000f2280000, 0x0000000100000000)
  eden space 226816K, 0% used [0x00000000e0000000,0x00000000e0000000,0x00000000edd80000)
  from space 34304K, 73% used [0x00000000edd80000,0x00000000ef60aa10,0x00000000eff00000)
  to   space 29696K, 0% used [0x00000000eff00000,0x00000000eff00000,0x00000000f1c00000)
 ParOldGen       total 142336K, used 83613K [0x00000000a0000000, 0x00000000a8b00000, 0x00000000e0000000)
  object space 142336K, 58% used [0x00000000a0000000,0x00000000a51a7510,0x00000000a8b00000)
 Metaspace       used 65865K, capacity 69964K, committed 70232K, reserved 1110016K
  class space    used 8783K, capacity 9731K, committed 9856K, reserved 1048576K
}

