# JRE version: OpenJDK Runtime Environment (8.0_152-b02) (build 1.8.0_152-release-1024-b02)
# Java VM: OpenJDK 64-Bit Server VM (25.152-b02 mixed mode windows-amd64 compressed oops)
Heap:
 PSYoungGen      total 256000K, used 64231K [0x00000000e0000000, 0x00000000f2380000, 0x0000000100000000)
  eden space 228864K, 24% used [0x00000000e0000000,0x00000000e3601128,0x00000000edf80000)
  from space 27136K, 32% used [0x00000000efe00000,0x00000000f06b8d18,0x00000000f1880000)
  to   space 31232K, 0% used [0x00000000edf80000,0x00000000edf80000,0x00000000efe00000)
 ParOldGen       total 115712K, used 56196K [0x00000000a0000000, 0x00000000a7100000, 0x00000000e0000000)
  object space 115712K, 48% used [0x00000000a0000000,0x00000000a36e1340,0x00000000a7100000)
 Metaspace       used 55562K, capacity 58584K, committed 58712K, reserved 1099776K
  class space    used 7550K, capacity 8199K, committed 8320K, reserved 1048576K
GC Heap History (10 events):
Event: 32.881 GC heap before
{Heap before GC invocations=11 (full 2):
 PSYoungGen      total 140800K, used 126976K [0x00000000e0000000, 0x00000000ee380000, 0x0000000100000000)
  eden space 126976K, 100% used [0x00000000e0000000,0x00000000e7c00000,0x00000000e7c00000)
  from space 13824K, 0% used [0x00000000e8980000,0x00000000e8980000,0x00000000e9700000)
  to   space 13824K, 0% used [0x00000000e7c00000,0x00000000e7c00000,0x00000000e8980000)
 ParOldGen       total 56320K, used 15734K [0x00000000a0000000, 0x00000000a3700000, 0x00000000e0000000)
  object space 56320K, 27% used [0x00000000a0000000,0x00000000a0f5db00,0x00000000a3700000)
 Metaspace       used 43868K, capacity 45030K, committed 45144K, reserved 1087488K
  class space    used 5937K, capacity 6261K, committed 6272K, reserved 1048576K
Event: 32.982 GC heap after
Heap after GC invocations=11 (full 2):
 PSYoungGen      total 140800K, used 13210K [0x00000000e0000000, 0x00000000eca80000, 0x0000000100000000)
  eden space 126976K, 0% used [0x00000000e0000000,0x00000000e0000000,0x00000000e7c00000)
  from space 13824K, 95% used [0x00000000e7c00000,0x00000000e88e6878,0x00000000e8980000)
  to   space 15872K, 0% used [0x00000000ebb00000,0x00000000ebb00000,0x00000000eca80000)
 ParOldGen       total 56320K, used 15806K [0x00000000a0000000, 0x00000000a3700000, 0x00000000e0000000)
  object space 56320K, 28% used [0x00000000a0000000,0x00000000a0f6fb10,0x00000000a3700000)
 Metaspace       used 43868K, capacity 45030K, committed 45144K, reserved 1087488K
  class space    used 5937K, capacity 6261K, committed 6272K, reserved 1048576K
}
Event: 39.868 GC heap before
{Heap before GC invocations=12 (full 2):
 PSYoungGen      total 140800K, used 140186K [0x00000000e0000000, 0x00000000eca80000, 0x0000000100000000)
  eden space 126976K, 100% used [0x00000000e0000000,0x00000000e7c00000,0x00000000e7c00000)
  from space 13824K, 95% used [0x00000000e7c00000,0x00000000e88e6878,0x00000000e8980000)
  to   space 15872K, 0% used [0x00000000ebb00000,0x00000000ebb00000,0x00000000eca80000)
 ParOldGen       total 56320K, used 15806K [0x00000000a0000000, 0x00000000a3700000, 0x00000000e0000000)
  object space 56320K, 28% used [0x00000000a0000000,0x00000000a0f6fb10,0x00000000a3700000)
 Metaspace       used 49917K, capacity 51554K, committed 51800K, reserved 1093632K
  class space    used 6743K, capacity 7175K, committed 7296K, reserved 1048576K
Event: 40.006 GC heap after
Heap after GC invocations=12 (full 2):
 PSYoungGen      total 187392K, used 15859K [0x00000000e0000000, 0x00000000ed180000, 0x0000000100000000)
  eden space 171520K, 0% used [0x00000000e0000000,0x00000000e0000000,0x00000000ea780000)
  from space 15872K, 99% used [0x00000000ebb00000,0x00000000eca7ccc8,0x00000000eca80000)
  to   space 19968K, 0% used [0x00000000ea780000,0x00000000ea780000,0x00000000ebb00000)
 ParOldGen       total 56320K, used 20455K [0x00000000a0000000, 0x00000000a3700000, 0x00000000e0000000)
  object space 56320K, 36% used [0x00000000a0000000,0x00000000a13f9ce0,0x00000000a3700000)
 Metaspace       used 49917K, capacity 51554K, committed 51800K, reserved 1093632K
  class space    used 6743K, capacity 7175K, committed 7296K, reserved 1048576K
}
Event: 49.864 GC heap before
{Heap before GC invocations=13 (full 2):
 PSYoungGen      total 187392K, used 187379K [0x00000000e0000000, 0x00000000ed180000, 0x0000000100000000)
  eden space 171520K, 100% used [0x00000000e0000000,0x00000000ea780000,0x00000000ea780000)
  from space 15872K, 99% used [0x00000000ebb00000,0x00000000eca7ccc8,0x00000000eca80000)
  to   space 19968K, 0% used [0x00000000ea780000,0x00000000ea780000,0x00000000ebb00000)
 ParOldGen       total 56320K, used 20455K [0x00000000a0000000, 0x00000000a3700000, 0x00000000e0000000)
  object space 56320K, 36% used [0x00000000a0000000,0x00000000a13f9ce0,0x00000000a3700000)
 Metaspace       used 52125K, capacity 54422K, committed 54616K, reserved 1095680K
  class space    used 6957K, capacity 7491K, committed 7552K, reserved 1048576K
Event: 49.981 GC heap after
Heap after GC invocations=13 (full 2):
 PSYoungGen      total 191488K, used 19939K [0x00000000e0000000, 0x00000000f1880000, 0x0000000100000000)
  eden space 171520K, 0% used [0x00000000e0000000,0x00000000e0000000,0x00000000ea780000)
  from space 19968K, 99% used [0x00000000ea780000,0x00000000ebaf8c98,0x00000000ebb00000)
  to   space 27136K, 0% used [0x00000000efe00000,0x00000000efe00000,0x00000000f1880000)
 ParOldGen       total 56320K, used 32470K [0x00000000a0000000, 0x00000000a3700000, 0x00000000e0000000)
  object space 56320K, 57% used [0x00000000a0000000,0x00000000a1fb5aa8,0x00000000a3700000)
 Metaspace       used 52125K, capacity 54422K, committed 54616K, reserved 1095680K
  class space    used 6957K, capacity 7491K, committed 7552K, reserved 1048576K
}
Event: 57.870 GC heap before
{Heap before GC invocations=14 (full 2):
 PSYoungGen      total 191488K, used 191459K [0x00000000e0000000, 0x00000000f1880000, 0x0000000100000000)
  eden space 171520K, 100% used [0x00000000e0000000,0x00000000ea780000,0x00000000ea780000)
  from space 19968K, 99% used [0x00000000ea780000,0x00000000ebaf8c98,0x00000000ebb00000)
  to   space 27136K, 0% used [0x00000000efe00000,0x00000000efe00000,0x00000000f1880000)
 ParOldGen       total 56320K, used 32470K [0x00000000a0000000, 0x00000000a3700000, 0x00000000e0000000)
  object space 56320K, 57% used [0x00000000a0000000,0x00000000a1fb5aa8,0x00000000a3700000)
 Metaspace       used 54923K, capacity 57700K, committed 57944K, reserved 1099776K
  class space    used 7439K, capacity 8025K, committed 8064K, reserved 1048576K
Event: 58.115 GC heap after
Heap after GC invocations=14 (full 2):
 PSYoungGen      total 256000K, used 26768K [0x00000000e0000000, 0x00000000f2380000, 0x0000000100000000)
  eden space 228864K, 0% used [0x00000000e0000000,0x00000000e0000000,0x00000000edf80000)
  from space 27136K, 98% used [0x00000000efe00000,0x00000000f1824010,0x00000000f1880000)
  to   space 31232K, 0% used [0x00000000edf80000,0x00000000edf80000,0x00000000efe00000)
 ParOldGen       total 56320K, used 44958K [0x00000000a0000000, 0x00000000a3700000, 0x00000000e0000000)
  object space 56320K, 79% used [0x00000000a0000000,0x00000000a2be7a40,0x00000000a3700000)
 Metaspace       used 54923K, capacity 57700K, committed 57944K, reserved 1099776K
  class space    used 7439K, capacity 8025K, committed 8064K, reserved 1048576K
}
Event: 58.115 GC heap before
{Heap before GC invocations=15 (full 3):
 PSYoungGen      total 256000K, used 26768K [0x00000000e0000000, 0x00000000f2380000, 0x0000000100000000)
  eden space 228864K, 0% used [0x00000000e0000000,0x00000000e0000000,0x00000000edf80000)
  from space 27136K, 98% used [0x00000000efe00000,0x00000000f1824010,0x00000000f1880000)
  to   space 31232K, 0% used [0x00000000edf80000,0x00000000edf80000,0x00000000efe00000)
 ParOldGen       total 56320K, used 44958K [0x00000000a0000000, 0x00000000a3700000, 0x00000000e0000000)
  object space 56320K, 79% used [0x00000000a0000000,0x00000000a2be7a40,0x00000000a3700000)
 Metaspace       used 54923K, capacity 57700K, committed 57944K, reserved 1099776K
  class space    used 7439K, capacity 8025K, committed 8064K, reserved 1048576K
Event: 61.147 GC heap after
Heap after GC invocations=15 (full 3):
 PSYoungGen      total 256000K, used 8931K [0x00000000e0000000, 0x00000000f2380000, 0x0000000100000000)
  eden space 228864K, 0% used [0x00000000e0000000,0x00000000e0000000,0x00000000edf80000)
  from space 27136K, 32% used [0x00000000efe00000,0x00000000f06b8d18,0x00000000f1880000)
  to   space 31232K, 0% used [0x00000000edf80000,0x00000000edf80000,0x00000000efe00000)
 ParOldGen       total 115712K, used 56196K [0x00000000a0000000, 0x00000000a7100000, 0x00000000e0000000)
  object space 115712K, 48% used [0x00000000a0000000,0x00000000a36e1340,0x00000000a7100000)
 Metaspace       used 54923K, capacity 57700K, committed 57944K, reserved 1099776K
  class space    used 7439K, capacity 8025K, committed 8064K, reserved 1048576K
}

