# JRE version: OpenJDK Runtime Environment (8.0_152-b02) (build 1.8.0_152-release-1024-b02)
# Java VM: OpenJDK 64-Bit Server VM (25.152-b02 mixed mode windows-amd64 compressed oops)
Heap:
 PSYoungGen      total 183296K, used 28645K [0x00000000e0000000, 0x00000000ec800000, 0x0000000100000000)
  eden space 169984K, 13% used [0x00000000e0000000,0x00000000e167bf30,0x00000000ea600000)
  from space 13312K, 42% used [0x00000000ebb00000,0x00000000ec07d578,0x00000000ec800000)
  to   space 14848K, 0% used [0x00000000eab00000,0x00000000eab00000,0x00000000eb980000)
 ParOldGen       total 83968K, used 44668K [0x00000000a0000000, 0x00000000a5200000, 0x00000000e0000000)
  object space 83968K, 53% used [0x00000000a0000000,0x00000000a2b9f350,0x00000000a5200000)
 Metaspace       used 52397K, capacity 54918K, committed 55128K, reserved 1097728K
  class space    used 6993K, capacity 7533K, committed 7552K, reserved 1048576K
GC Heap History (10 events):
Event: 23.175 GC heap before
{Heap before GC invocations=11 (full 2):
 PSYoungGen      total 130048K, used 11069K [0x00000000e0000000, 0x00000000ec800000, 0x0000000100000000)
  eden space 118272K, 0% used [0x00000000e0000000,0x00000000e0000000,0x00000000e7380000)
  from space 11776K, 94% used [0x00000000e7380000,0x00000000e7e4f6f8,0x00000000e7f00000)
  to   space 13312K, 0% used [0x00000000ebb00000,0x00000000ebb00000,0x00000000ec800000)
 ParOldGen       total 35328K, used 12149K [0x00000000a0000000, 0x00000000a2280000, 0x00000000e0000000)
  object space 35328K, 34% used [0x00000000a0000000,0x00000000a0bdd790,0x00000000a2280000)
 Metaspace       used 34396K, capacity 35300K, committed 35416K, reserved 1079296K
  class space    used 4669K, capacity 4946K, committed 4992K, reserved 1048576K
Event: 23.475 GC heap after
Heap after GC invocations=11 (full 2):
 PSYoungGen      total 130048K, used 0K [0x00000000e0000000, 0x00000000ec800000, 0x0000000100000000)
  eden space 118272K, 0% used [0x00000000e0000000,0x00000000e0000000,0x00000000e7380000)
  from space 11776K, 0% used [0x00000000e7380000,0x00000000e7380000,0x00000000e7f00000)
  to   space 13312K, 0% used [0x00000000ebb00000,0x00000000ebb00000,0x00000000ec800000)
 ParOldGen       total 45056K, used 17342K [0x00000000a0000000, 0x00000000a2c00000, 0x00000000e0000000)
  object space 45056K, 38% used [0x00000000a0000000,0x00000000a10ef970,0x00000000a2c00000)
 Metaspace       used 34396K, capacity 35300K, committed 35416K, reserved 1079296K
  class space    used 4669K, capacity 4946K, committed 4992K, reserved 1048576K
}
Event: 28.592 GC heap before
{Heap before GC invocations=12 (full 2):
 PSYoungGen      total 130048K, used 118272K [0x00000000e0000000, 0x00000000ec800000, 0x0000000100000000)
  eden space 118272K, 100% used [0x00000000e0000000,0x00000000e7380000,0x00000000e7380000)
  from space 11776K, 0% used [0x00000000e7380000,0x00000000e7380000,0x00000000e7f00000)
  to   space 13312K, 0% used [0x00000000ebb00000,0x00000000ebb00000,0x00000000ec800000)
 ParOldGen       total 45056K, used 17342K [0x00000000a0000000, 0x00000000a2c00000, 0x00000000e0000000)
  object space 45056K, 38% used [0x00000000a0000000,0x00000000a10ef970,0x00000000a2c00000)
 Metaspace       used 43794K, capacity 44958K, committed 45144K, reserved 1087488K
  class space    used 5928K, capacity 6248K, committed 6272K, reserved 1048576K
Event: 28.653 GC heap after
Heap after GC invocations=12 (full 2):
 PSYoungGen      total 183296K, used 13148K [0x00000000e0000000, 0x00000000ec800000, 0x0000000100000000)
  eden space 169984K, 0% used [0x00000000e0000000,0x00000000e0000000,0x00000000ea600000)
  from space 13312K, 98% used [0x00000000ebb00000,0x00000000ec7d72c8,0x00000000ec800000)
  to   space 14848K, 0% used [0x00000000eab00000,0x00000000eab00000,0x00000000eb980000)
 ParOldGen       total 45056K, used 17350K [0x00000000a0000000, 0x00000000a2c00000, 0x00000000e0000000)
  object space 45056K, 38% used [0x00000000a0000000,0x00000000a10f1970,0x00000000a2c00000)
 Metaspace       used 43794K, capacity 44958K, committed 45144K, reserved 1087488K
  class space    used 5928K, capacity 6248K, committed 6272K, reserved 1048576K
}
Event: 36.877 GC heap before
{Heap before GC invocations=13 (full 2):
 PSYoungGen      total 183296K, used 183132K [0x00000000e0000000, 0x00000000ec800000, 0x0000000100000000)
  eden space 169984K, 100% used [0x00000000e0000000,0x00000000ea600000,0x00000000ea600000)
  from space 13312K, 98% used [0x00000000ebb00000,0x00000000ec7d72c8,0x00000000ec800000)
  to   space 14848K, 0% used [0x00000000eab00000,0x00000000eab00000,0x00000000eb980000)
 ParOldGen       total 45056K, used 17350K [0x00000000a0000000, 0x00000000a2c00000, 0x00000000e0000000)
  object space 45056K, 38% used [0x00000000a0000000,0x00000000a10f1970,0x00000000a2c00000)
 Metaspace       used 50674K, capacity 52510K, committed 52568K, reserved 1095680K
  class space    used 6832K, capacity 7288K, committed 7296K, reserved 1048576K
Event: 36.965 GC heap after
Heap after GC invocations=13 (full 2):
 PSYoungGen      total 184832K, used 14599K [0x00000000e0000000, 0x00000000ec800000, 0x0000000100000000)
  eden space 169984K, 0% used [0x00000000e0000000,0x00000000e0000000,0x00000000ea600000)
  from space 14848K, 98% used [0x00000000eab00000,0x00000000eb941d10,0x00000000eb980000)
  to   space 13312K, 0% used [0x00000000ebb00000,0x00000000ebb00000,0x00000000ec800000)
 ParOldGen       total 45056K, used 26704K [0x00000000a0000000, 0x00000000a2c00000, 0x00000000e0000000)
  object space 45056K, 59% used [0x00000000a0000000,0x00000000a1a141f8,0x00000000a2c00000)
 Metaspace       used 50674K, capacity 52510K, committed 52568K, reserved 1095680K
  class space    used 6832K, capacity 7288K, committed 7296K, reserved 1048576K
}
Event: 44.406 GC heap before
{Heap before GC invocations=14 (full 2):
 PSYoungGen      total 184832K, used 184583K [0x00000000e0000000, 0x00000000ec800000, 0x0000000100000000)
  eden space 169984K, 100% used [0x00000000e0000000,0x00000000ea600000,0x00000000ea600000)
  from space 14848K, 98% used [0x00000000eab00000,0x00000000eb941d10,0x00000000eb980000)
  to   space 13312K, 0% used [0x00000000ebb00000,0x00000000ebb00000,0x00000000ec800000)
 ParOldGen       total 45056K, used 26704K [0x00000000a0000000, 0x00000000a2c00000, 0x00000000e0000000)
  object space 45056K, 59% used [0x00000000a0000000,0x00000000a1a141f8,0x00000000a2c00000)
 Metaspace       used 52274K, capacity 54696K, committed 54872K, reserved 1097728K
  class space    used 6974K, capacity 7510K, committed 7552K, reserved 1048576K
Event: 44.456 GC heap after
Heap after GC invocations=14 (full 2):
 PSYoungGen      total 183296K, used 13312K [0x00000000e0000000, 0x00000000ec800000, 0x0000000100000000)
  eden space 169984K, 0% used [0x00000000e0000000,0x00000000e0000000,0x00000000ea600000)
  from space 13312K, 100% used [0x00000000ebb00000,0x00000000ec800000,0x00000000ec800000)
  to   space 14848K, 0% used [0x00000000eab00000,0x00000000eab00000,0x00000000eb980000)
 ParOldGen       total 45056K, used 40190K [0x00000000a0000000, 0x00000000a2c00000, 0x00000000e0000000)
  object space 45056K, 89% used [0x00000000a0000000,0x00000000a273fb18,0x00000000a2c00000)
 Metaspace       used 52274K, capacity 54696K, committed 54872K, reserved 1097728K
  class space    used 6974K, capacity 7510K, committed 7552K, reserved 1048576K
}
Event: 44.456 GC heap before
{Heap before GC invocations=15 (full 3):
 PSYoungGen      total 183296K, used 13312K [0x00000000e0000000, 0x00000000ec800000, 0x0000000100000000)
  eden space 169984K, 0% used [0x00000000e0000000,0x00000000e0000000,0x00000000ea600000)
  from space 13312K, 100% used [0x00000000ebb00000,0x00000000ec800000,0x00000000ec800000)
  to   space 14848K, 0% used [0x00000000eab00000,0x00000000eab00000,0x00000000eb980000)
 ParOldGen       total 45056K, used 40190K [0x00000000a0000000, 0x00000000a2c00000, 0x00000000e0000000)
  object space 45056K, 89% used [0x00000000a0000000,0x00000000a273fb18,0x00000000a2c00000)
 Metaspace       used 52274K, capacity 54696K, committed 54872K, reserved 1097728K
  class space    used 6974K, capacity 7510K, committed 7552K, reserved 1048576K
Event: 45.122 GC heap after
Heap after GC invocations=15 (full 3):
 PSYoungGen      total 183296K, used 5621K [0x00000000e0000000, 0x00000000ec800000, 0x0000000100000000)
  eden space 169984K, 0% used [0x00000000e0000000,0x00000000e0000000,0x00000000ea600000)
  from space 13312K, 42% used [0x00000000ebb00000,0x00000000ec07d578,0x00000000ec800000)
  to   space 14848K, 0% used [0x00000000eab00000,0x00000000eab00000,0x00000000eb980000)
 ParOldGen       total 83968K, used 44668K [0x00000000a0000000, 0x00000000a5200000, 0x00000000e0000000)
  object space 83968K, 53% used [0x00000000a0000000,0x00000000a2b9f350,0x00000000a5200000)
 Metaspace       used 52274K, capacity 54696K, committed 54872K, reserved 1097728K
  class space    used 6974K, capacity 7510K, committed 7552K, reserved 1048576K
}

