# JRE version: Java(TM) SE Runtime Environment (8.0_171-b11) (build 1.8.0_171-b11)
# Java VM: Java HotSpot(TM) 64-Bit Server VM (25.171-b11 mixed mode windows-amd64 compressed oops)
Heap:
 PSYoungGen      total 266240K, used 243437K [0x00000000eab00000, 0x0000000100000000, 0x0000000100000000)
  eden space 183296K, 87% used [0x00000000eab00000,0x00000000f47c0ec8,0x00000000f5e00000)
  from space 82944K, 99% used [0x00000000f5e00000,0x00000000faefa790,0x00000000faf00000)
  to   space 82944K, 0% used [0x00000000faf00000,0x00000000faf00000,0x0000000100000000)
 ParOldGen       total 333824K, used 213306K [0x00000000c0000000, 0x00000000d4600000, 0x00000000eab00000)
  object space 333824K, 63% used [0x00000000c0000000,0x00000000cd04ea40,0x00000000d4600000)
 Metaspace       used 6728K, capacity 7320K, committed 7680K, reserved 1056768K
  class space    used 640K, capacity 656K, committed 768K, reserved 1048576K
GC Heap History (10 events):
Event: 30.027 GC heap before
{Heap before GC invocations=11 (full 2):
 PSYoungGen      total 241664K, used 25590K [0x00000000eab00000, 0x00000000fcf00000, 0x0000000100000000)
  eden space 216064K, 0% used [0x00000000eab00000,0x00000000eab00000,0x00000000f7e00000)
  from space 25600K, 99% used [0x00000000f9a00000,0x00000000fb2fdb28,0x00000000fb300000)
  to   space 28672K, 0% used [0x00000000fb300000,0x00000000fb300000,0x00000000fcf00000)
 ParOldGen       total 81408K, used 70976K [0x00000000c0000000, 0x00000000c4f80000, 0x00000000eab00000)
  object space 81408K, 87% used [0x00000000c0000000,0x00000000c4550260,0x00000000c4f80000)
 Metaspace       used 6713K, capacity 7320K, committed 7680K, reserved 1056768K
  class space    used 638K, capacity 656K, committed 768K, reserved 1048576K
Event: 32.851 GC heap after
Heap after GC invocations=11 (full 2):
 PSYoungGen      total 241664K, used 7912K [0x00000000eab00000, 0x00000000fcf00000, 0x0000000100000000)
  eden space 216064K, 0% used [0x00000000eab00000,0x00000000eab00000,0x00000000f7e00000)
  from space 25600K, 30% used [0x00000000f9a00000,0x00000000fa1ba0f0,0x00000000fb300000)
  to   space 28672K, 0% used [0x00000000fb300000,0x00000000fb300000,0x00000000fcf00000)
 ParOldGen       total 145408K, used 81315K [0x00000000c0000000, 0x00000000c8e00000, 0x00000000eab00000)
  object space 145408K, 55% used [0x00000000c0000000,0x00000000c4f68d70,0x00000000c8e00000)
 Metaspace       used 6713K, capacity 7320K, committed 7680K, reserved 1056768K
  class space    used 638K, capacity 656K, committed 768K, reserved 1048576K
}
Event: 38.535 GC heap before
{Heap before GC invocations=12 (full 2):
 PSYoungGen      total 241664K, used 223976K [0x00000000eab00000, 0x00000000fcf00000, 0x0000000100000000)
  eden space 216064K, 100% used [0x00000000eab00000,0x00000000f7e00000,0x00000000f7e00000)
  from space 25600K, 30% used [0x00000000f9a00000,0x00000000fa1ba0f0,0x00000000fb300000)
  to   space 28672K, 0% used [0x00000000fb300000,0x00000000fb300000,0x00000000fcf00000)
 ParOldGen       total 145408K, used 81315K [0x00000000c0000000, 0x00000000c8e00000, 0x00000000eab00000)
  object space 145408K, 55% used [0x00000000c0000000,0x00000000c4f68d70,0x00000000c8e00000)
 Metaspace       used 6721K, capacity 7320K, committed 7680K, reserved 1056768K
  class space    used 639K, capacity 656K, committed 768K, reserved 1048576K
Event: 38.715 GC heap after
Heap after GC invocations=12 (full 2):
 PSYoungGen      total 211968K, used 28655K [0x00000000eab00000, 0x0000000100000000, 0x0000000100000000)
  eden space 183296K, 0% used [0x00000000eab00000,0x00000000eab00000,0x00000000f5e00000)
  from space 28672K, 99% used [0x00000000fb300000,0x00000000fcefbcd0,0x00000000fcf00000)
  to   space 82944K, 0% used [0x00000000f5e00000,0x00000000f5e00000,0x00000000faf00000)
 ParOldGen       total 187904K, used 187611K [0x00000000c0000000, 0x00000000cb780000, 0x00000000eab00000)
  object space 187904K, 99% used [0x00000000c0000000,0x00000000cb736c30,0x00000000cb780000)
 Metaspace       used 6721K, capacity 7320K, committed 7680K, reserved 1056768K
  class space    used 639K, capacity 656K, committed 768K, reserved 1048576K
}
Event: 38.715 GC heap before
{Heap before GC invocations=13 (full 3):
 PSYoungGen      total 211968K, used 28655K [0x00000000eab00000, 0x0000000100000000, 0x0000000100000000)
  eden space 183296K, 0% used [0x00000000eab00000,0x00000000eab00000,0x00000000f5e00000)
  from space 28672K, 99% used [0x00000000fb300000,0x00000000fcefbcd0,0x00000000fcf00000)
  to   space 82944K, 0% used [0x00000000f5e00000,0x00000000f5e00000,0x00000000faf00000)
 ParOldGen       total 187904K, used 187611K [0x00000000c0000000, 0x00000000cb780000, 0x00000000eab00000)
  object space 187904K, 99% used [0x00000000c0000000,0x00000000cb736c30,0x00000000cb780000)
 Metaspace       used 6721K, capacity 7320K, committed 7680K, reserved 1056768K
  class space    used 639K, capacity 656K, committed 768K, reserved 1048576K
Event: 39.736 GC heap after
Heap after GC invocations=13 (full 3):
 PSYoungGen      total 211968K, used 16326K [0x00000000eab00000, 0x0000000100000000, 0x0000000100000000)
  eden space 183296K, 0% used [0x00000000eab00000,0x00000000eab00000,0x00000000f5e00000)
  from space 28672K, 56% used [0x00000000fb300000,0x00000000fc2f18d8,0x00000000fcf00000)
  to   space 82944K, 0% used [0x00000000f5e00000,0x00000000f5e00000,0x00000000faf00000)
 ParOldGen       total 187904K, used 187706K [0x00000000c0000000, 0x00000000cb780000, 0x00000000eab00000)
  object space 187904K, 99% used [0x00000000c0000000,0x00000000cb74eb28,0x00000000cb780000)
 Metaspace       used 6721K, capacity 7320K, committed 7680K, reserved 1056768K
  class space    used 639K, capacity 656K, committed 768K, reserved 1048576K
}
Event: 40.260 GC heap before
{Heap before GC invocations=14 (full 4):
 PSYoungGen      total 211968K, used 199622K [0x00000000eab00000, 0x0000000100000000, 0x0000000100000000)
  eden space 183296K, 100% used [0x00000000eab00000,0x00000000f5e00000,0x00000000f5e00000)
  from space 28672K, 56% used [0x00000000fb300000,0x00000000fc2f18d8,0x00000000fcf00000)
  to   space 82944K, 0% used [0x00000000f5e00000,0x00000000f5e00000,0x00000000faf00000)
 ParOldGen       total 187904K, used 187706K [0x00000000c0000000, 0x00000000cb780000, 0x00000000eab00000)
  object space 187904K, 99% used [0x00000000c0000000,0x00000000cb74eb28,0x00000000cb780000)
 Metaspace       used 6723K, capacity 7320K, committed 7680K, reserved 1056768K
  class space    used 639K, capacity 656K, committed 768K, reserved 1048576K
Event: 43.860 GC heap after
Heap after GC invocations=14 (full 4):
 PSYoungGen      total 211968K, used 89842K [0x00000000eab00000, 0x0000000100000000, 0x0000000100000000)
  eden space 183296K, 49% used [0x00000000eab00000,0x00000000f02bc878,0x00000000f5e00000)
  from space 28672K, 0% used [0x00000000fb300000,0x00000000fb300000,0x00000000fcf00000)
  to   space 82944K, 0% used [0x00000000f5e00000,0x00000000f5e00000,0x00000000faf00000)
 ParOldGen       total 333824K, used 187889K [0x00000000c0000000, 0x00000000d4600000, 0x00000000eab00000)
  object space 333824K, 56% used [0x00000000c0000000,0x00000000cb77c620,0x00000000d4600000)
 Metaspace       used 6723K, capacity 7320K, committed 7680K, reserved 1056768K
  class space    used 639K, capacity 656K, committed 768K, reserved 1048576K
}
Event: 44.734 GC heap before
{Heap before GC invocations=15 (full 4):
 PSYoungGen      total 211968K, used 183296K [0x00000000eab00000, 0x0000000100000000, 0x0000000100000000)
  eden space 183296K, 100% used [0x00000000eab00000,0x00000000f5e00000,0x00000000f5e00000)
  from space 28672K, 0% used [0x00000000fb300000,0x00000000fb300000,0x00000000fcf00000)
  to   space 82944K, 0% used [0x00000000f5e00000,0x00000000f5e00000,0x00000000faf00000)
 ParOldGen       total 333824K, used 187889K [0x00000000c0000000, 0x00000000d4600000, 0x00000000eab00000)
  object space 333824K, 56% used [0x00000000c0000000,0x00000000cb77c620,0x00000000d4600000)
 Metaspace       used 6723K, capacity 7320K, committed 7680K, reserved 1056768K
  class space    used 639K, capacity 656K, committed 768K, reserved 1048576K
Event: 45.204 GC heap after
Heap after GC invocations=15 (full 4):
 PSYoungGen      total 266240K, used 82921K [0x00000000eab00000, 0x0000000100000000, 0x0000000100000000)
  eden space 183296K, 0% used [0x00000000eab00000,0x00000000eab00000,0x00000000f5e00000)
  from space 82944K, 99% used [0x00000000f5e00000,0x00000000faefa790,0x00000000faf00000)
  to   space 82944K, 0% used [0x00000000faf00000,0x00000000faf00000,0x0000000100000000)
 ParOldGen       total 333824K, used 213306K [0x00000000c0000000, 0x00000000d4600000, 0x00000000eab00000)
  object space 333824K, 63% used [0x00000000c0000000,0x00000000cd04ea40,0x00000000d4600000)
 Metaspace       used 6723K, capacity 7320K, committed 7680K, reserved 1056768K
  class space    used 639K, capacity 656K, committed 768K, reserved 1048576K
}

