# JRE version: Java(TM) SE Runtime Environment (8.0_171-b11) (build 1.8.0_171-b11)
# Java VM: Java HotSpot(TM) 64-Bit Server VM (25.171-b11 mixed mode windows-amd64 compressed oops)
Heap:
 PSYoungGen      total 139776K, used 41595K [0x00000000eab00000, 0x00000000f9f00000, 0x0000000100000000)
  eden space 118784K, 25% used [0x00000000eab00000,0x00000000ec8a9190,0x00000000f1f00000)
  from space 20992K, 53% used [0x00000000f1f00000,0x00000000f29f5bb8,0x00000000f3380000)
  to   space 29696K, 0% used [0x00000000f8200000,0x00000000f8200000,0x00000000f9f00000)
 ParOldGen       total 42496K, used 42435K [0x00000000c0000000, 0x00000000c2980000, 0x00000000eab00000)
  object space 42496K, 99% used [0x00000000c0000000,0x00000000c2970fe0,0x00000000c2980000)
 Metaspace       used 6594K, capacity 7384K, committed 7680K, reserved 1056768K
  class space    used 631K, capacity 656K, committed 768K, reserved 1048576K
GC Heap History (10 events):
Event: 3.644 GC heap before
{Heap before GC invocations=6 (full 0):
 PSYoungGen      total 34304K, used 34278K [0x00000000eab00000, 0x00000000efb00000, 0x0000000100000000)
  eden space 31744K, 100% used [0x00000000eab00000,0x00000000eca00000,0x00000000eca00000)
  from space 2560K, 98% used [0x00000000eca00000,0x00000000ecc798a8,0x00000000ecc80000)
  to   space 9216K, 0% used [0x00000000ef200000,0x00000000ef200000,0x00000000efb00000)
 ParOldGen       total 42496K, used 11867K [0x00000000c0000000, 0x00000000c2980000, 0x00000000eab00000)
  object space 42496K, 27% used [0x00000000c0000000,0x00000000c0b96d48,0x00000000c2980000)
 Metaspace       used 6376K, capacity 7216K, committed 7296K, reserved 1056768K
  class space    used 608K, capacity 616K, committed 640K, reserved 1048576K
Event: 3.686 GC heap after
Heap after GC invocations=6 (full 0):
 PSYoungGen      total 71168K, used 7929K [0x00000000eab00000, 0x00000000efe00000, 0x0000000100000000)
  eden space 61952K, 0% used [0x00000000eab00000,0x00000000eab00000,0x00000000ee780000)
  from space 9216K, 86% used [0x00000000ef200000,0x00000000ef9be530,0x00000000efb00000)
  to   space 10752K, 0% used [0x00000000ee780000,0x00000000ee780000,0x00000000ef200000)
 ParOldGen       total 42496K, used 11867K [0x00000000c0000000, 0x00000000c2980000, 0x00000000eab00000)
  object space 42496K, 27% used [0x00000000c0000000,0x00000000c0b96d48,0x00000000c2980000)
 Metaspace       used 6376K, capacity 7216K, committed 7296K, reserved 1056768K
  class space    used 608K, capacity 616K, committed 640K, reserved 1048576K
}
Event: 4.702 GC heap before
{Heap before GC invocations=7 (full 0):
 PSYoungGen      total 71168K, used 69881K [0x00000000eab00000, 0x00000000efe00000, 0x0000000100000000)
  eden space 61952K, 100% used [0x00000000eab00000,0x00000000ee780000,0x00000000ee780000)
  from space 9216K, 86% used [0x00000000ef200000,0x00000000ef9be530,0x00000000efb00000)
  to   space 10752K, 0% used [0x00000000ee780000,0x00000000ee780000,0x00000000ef200000)
 ParOldGen       total 42496K, used 11867K [0x00000000c0000000, 0x00000000c2980000, 0x00000000eab00000)
  object space 42496K, 27% used [0x00000000c0000000,0x00000000c0b96d48,0x00000000c2980000)
 Metaspace       used 6445K, capacity 7280K, committed 7552K, reserved 1056768K
  class space    used 609K, capacity 616K, committed 640K, reserved 1048576K
Event: 5.046 GC heap after
Heap after GC invocations=7 (full 0):
 PSYoungGen      total 72704K, used 10730K [0x00000000eab00000, 0x00000000f4300000, 0x0000000100000000)
  eden space 61952K, 0% used [0x00000000eab00000,0x00000000eab00000,0x00000000ee780000)
  from space 10752K, 99% used [0x00000000ee780000,0x00000000ef1faba8,0x00000000ef200000)
  to   space 15872K, 0% used [0x00000000f3380000,0x00000000f3380000,0x00000000f4300000)
 ParOldGen       total 42496K, used 18822K [0x00000000c0000000, 0x00000000c2980000, 0x00000000eab00000)
  object space 42496K, 44% used [0x00000000c0000000,0x00000000c1261950,0x00000000c2980000)
 Metaspace       used 6445K, capacity 7280K, committed 7552K, reserved 1056768K
  class space    used 609K, capacity 616K, committed 640K, reserved 1048576K
}
Event: 6.703 GC heap before
{Heap before GC invocations=8 (full 0):
 PSYoungGen      total 72704K, used 72682K [0x00000000eab00000, 0x00000000f4300000, 0x0000000100000000)
  eden space 61952K, 100% used [0x00000000eab00000,0x00000000ee780000,0x00000000ee780000)
  from space 10752K, 99% used [0x00000000ee780000,0x00000000ef1faba8,0x00000000ef200000)
  to   space 15872K, 0% used [0x00000000f3380000,0x00000000f3380000,0x00000000f4300000)
 ParOldGen       total 42496K, used 18822K [0x00000000c0000000, 0x00000000c2980000, 0x00000000eab00000)
  object space 42496K, 44% used [0x00000000c0000000,0x00000000c1261950,0x00000000c2980000)
 Metaspace       used 6554K, capacity 7320K, committed 7680K, reserved 1056768K
  class space    used 630K, capacity 656K, committed 768K, reserved 1048576K
Event: 7.198 GC heap after
Heap after GC invocations=8 (full 0):
 PSYoungGen      total 134656K, used 15864K [0x00000000eab00000, 0x00000000f4d00000, 0x0000000100000000)
  eden space 118784K, 0% used [0x00000000eab00000,0x00000000eab00000,0x00000000f1f00000)
  from space 15872K, 99% used [0x00000000f3380000,0x00000000f42fe1a8,0x00000000f4300000)
  to   space 20992K, 0% used [0x00000000f1f00000,0x00000000f1f00000,0x00000000f3380000)
 ParOldGen       total 42496K, used 23509K [0x00000000c0000000, 0x00000000c2980000, 0x00000000eab00000)
  object space 42496K, 55% used [0x00000000c0000000,0x00000000c16f5408,0x00000000c2980000)
 Metaspace       used 6554K, capacity 7320K, committed 7680K, reserved 1056768K
  class space    used 630K, capacity 656K, committed 768K, reserved 1048576K
}
Event: 12.472 GC heap before
{Heap before GC invocations=9 (full 0):
 PSYoungGen      total 134656K, used 134648K [0x00000000eab00000, 0x00000000f4d00000, 0x0000000100000000)
  eden space 118784K, 100% used [0x00000000eab00000,0x00000000f1f00000,0x00000000f1f00000)
  from space 15872K, 99% used [0x00000000f3380000,0x00000000f42fe1a8,0x00000000f4300000)
  to   space 20992K, 0% used [0x00000000f1f00000,0x00000000f1f00000,0x00000000f3380000)
 ParOldGen       total 42496K, used 23509K [0x00000000c0000000, 0x00000000c2980000, 0x00000000eab00000)
  object space 42496K, 55% used [0x00000000c0000000,0x00000000c16f5408,0x00000000c2980000)
 Metaspace       used 6580K, capacity 7320K, committed 7680K, reserved 1056768K
  class space    used 631K, capacity 656K, committed 768K, reserved 1048576K
Event: 13.362 GC heap after
Heap after GC invocations=9 (full 0):
 PSYoungGen      total 139776K, used 20984K [0x00000000eab00000, 0x00000000f9f00000, 0x0000000100000000)
  eden space 118784K, 0% used [0x00000000eab00000,0x00000000eab00000,0x00000000f1f00000)
  from space 20992K, 99% used [0x00000000f1f00000,0x00000000f337e018,0x00000000f3380000)
  to   space 29696K, 0% used [0x00000000f8200000,0x00000000f8200000,0x00000000f9f00000)
 ParOldGen       total 42496K, used 36417K [0x00000000c0000000, 0x00000000c2980000, 0x00000000eab00000)
  object space 42496K, 85% used [0x00000000c0000000,0x00000000c2390408,0x00000000c2980000)
 Metaspace       used 6580K, capacity 7320K, committed 7680K, reserved 1056768K
  class space    used 631K, capacity 656K, committed 768K, reserved 1048576K
}
Event: 13.362 GC heap before
{Heap before GC invocations=10 (full 1):
 PSYoungGen      total 139776K, used 20984K [0x00000000eab00000, 0x00000000f9f00000, 0x0000000100000000)
  eden space 118784K, 0% used [0x00000000eab00000,0x00000000eab00000,0x00000000f1f00000)
  from space 20992K, 99% used [0x00000000f1f00000,0x00000000f337e018,0x00000000f3380000)
  to   space 29696K, 0% used [0x00000000f8200000,0x00000000f8200000,0x00000000f9f00000)
 ParOldGen       total 42496K, used 36417K [0x00000000c0000000, 0x00000000c2980000, 0x00000000eab00000)
  object space 42496K, 85% used [0x00000000c0000000,0x00000000c2390408,0x00000000c2980000)
 Metaspace       used 6580K, capacity 7320K, committed 7680K, reserved 1056768K
  class space    used 631K, capacity 656K, committed 768K, reserved 1048576K
Event: 17.130 GC heap after
Heap after GC invocations=10 (full 1):
 PSYoungGen      total 139776K, used 11222K [0x00000000eab00000, 0x00000000f9f00000, 0x0000000100000000)
  eden space 118784K, 0% used [0x00000000eab00000,0x00000000eab00000,0x00000000f1f00000)
  from space 20992K, 53% used [0x00000000f1f00000,0x00000000f29f5bb8,0x00000000f3380000)
  to   space 29696K, 0% used [0x00000000f8200000,0x00000000f8200000,0x00000000f9f00000)
 ParOldGen       total 42496K, used 42435K [0x00000000c0000000, 0x00000000c2980000, 0x00000000eab00000)
  object space 42496K, 99% used [0x00000000c0000000,0x00000000c2970fe0,0x00000000c2980000)
 Metaspace       used 6580K, capacity 7320K, committed 7680K, reserved 1056768K
  class space    used 631K, capacity 656K, committed 768K, reserved 1048576K
}

